<?xml version="1.0" encoding="UTF-8"?>
<robot generator="Robot 6.1.1 (Python 3.11.4 on win32)" generated="20230819 17:48:59.268" rpa="false" schemaversion="4">
<suite id="s1" name="UsingArguments" source="C:\Users\srini\PycharmProjects\RobotFramework\Automation\UsingArguments.robot">
<test id="s1-t1" name="Practice" line="10">
<kw name="Launching browser">
<arg>${url1}</arg>
<arg>${browser1}</arg>
<kw name="Open Browser" library="SeleniumLibrary">
<arg>${WebUrl}</arg>
<arg>${WebBrowser}</arg>
<doc>Opens a new browser instance to the optional ``url``.</doc>
<msg timestamp="20230819 17:48:59.468" level="INFO">Opening browser 'chrome' to base url 'https://demowebshop.tricentis.com/'.</msg>
<status status="PASS" starttime="20230819 17:48:59.468" endtime="20230819 17:49:03.135"/>
</kw>
<kw name="Maximize Browser Window" library="SeleniumLibrary">
<doc>Maximizes current browser window.</doc>
<status status="PASS" starttime="20230819 17:49:03.135" endtime="20230819 17:49:03.256"/>
</kw>
<kw name="Sleep" library="BuiltIn">
<arg>2</arg>
<doc>Pauses the test executed for the given time.</doc>
<msg timestamp="20230819 17:49:05.256" level="INFO">Slept 2 seconds</msg>
<status status="PASS" starttime="20230819 17:49:03.256" endtime="20230819 17:49:05.256"/>
</kw>
<status status="PASS" starttime="20230819 17:48:59.468" endtime="20230819 17:49:05.256"/>
</kw>
<kw name="Close Browser" library="SeleniumLibrary">
<doc>Closes the current browser.</doc>
<status status="PASS" starttime="20230819 17:49:05.256" endtime="20230819 17:49:07.366"/>
</kw>
<kw name="Launching browser">
<arg>${url2}</arg>
<arg>${browser2}</arg>
<kw name="Open Browser" library="SeleniumLibrary">
<arg>${WebUrl}</arg>
<arg>${WebBrowser}</arg>
<doc>Opens a new browser instance to the optional ``url``.</doc>
<msg timestamp="20230819 17:49:07.367" level="INFO">Opening browser 'edge' to base url 'https://demoqa.com/'.</msg>
<status status="PASS" starttime="20230819 17:49:07.367" endtime="20230819 17:49:30.008"/>
</kw>
<kw name="Maximize Browser Window" library="SeleniumLibrary">
<doc>Maximizes current browser window.</doc>
<status status="PASS" starttime="20230819 17:49:30.009" endtime="20230819 17:49:30.154"/>
</kw>
<kw name="Sleep" library="BuiltIn">
<arg>2</arg>
<doc>Pauses the test executed for the given time.</doc>
<msg timestamp="20230819 17:49:32.156" level="INFO">Slept 2 seconds</msg>
<status status="PASS" starttime="20230819 17:49:30.154" endtime="20230819 17:49:32.156"/>
</kw>
<status status="PASS" starttime="20230819 17:49:07.367" endtime="20230819 17:49:32.156"/>
</kw>
<kw name="Close Browser" library="SeleniumLibrary">
<doc>Closes the current browser.</doc>
<status status="PASS" starttime="20230819 17:49:32.156" endtime="20230819 17:49:34.349"/>
</kw>
<status status="PASS" starttime="20230819 17:48:59.467" endtime="20230819 17:49:34.349"/>
</test>
<status status="PASS" starttime="20230819 17:48:59.269" endtime="20230819 17:49:34.351"/>
</suite>
<statistics>
<total>
<stat pass="1" fail="0" skip="0">All Tests</stat>
</total>
<tag>
</tag>
<suite>
<stat pass="1" fail="0" skip="0" id="s1" name="UsingArguments">UsingArguments</stat>
</suite>
</statistics>
<errors>
</errors>
</robot>
