<?xml version="1.0" encoding="UTF-8"?>
<robot generator="Robot 6.1.1 (Python 3.11.4 on win32)" generated="20230817 22:15:45.245" rpa="false" schemaversion="4">
<suite id="s1" name="PracticingRadioButtonAndCheckboxes" source="C:\Users\srini\PycharmProjects\RobotFramework\Automation\PracticingRadioButtonAndCheckboxes.robot">
<test id="s1-t1" name="clicking the radio button" line="8">
<kw name="Open Browser" library="SeleniumLibrary">
<arg>${url}</arg>
<arg>${browser}</arg>
<doc>Opens a new browser instance to the optional ``url``.</doc>
<msg timestamp="20230817 22:15:45.473" level="INFO">Opening browser 'chrome' to base url 'https://www.tutorialspoint.com/selenium/selenium_automation_practice.htm'.</msg>
<status status="PASS" starttime="20230817 22:15:45.472" endtime="20230817 22:16:01.065"/>
</kw>
<kw name="Maximize Browser Window" library="SeleniumLibrary">
<doc>Maximizes current browser window.</doc>
<status status="PASS" starttime="20230817 22:16:01.065" endtime="20230817 22:16:01.194"/>
</kw>
<kw name="Set Selenium Speed" library="SeleniumLibrary">
<arg>1</arg>
<doc>Sets the delay that is waited after each Selenium command.</doc>
<status status="PASS" starttime="20230817 22:16:01.194" endtime="20230817 22:16:01.194"/>
</kw>
<kw name="Select Radio Button" library="SeleniumLibrary">
<arg>sex</arg>
<arg>Male</arg>
<doc>Sets the radio button group ``group_name`` to ``value``.</doc>
<msg timestamp="20230817 22:16:01.195" level="INFO">Selecting 'Male' from radio button 'sex'.</msg>
<status status="PASS" starttime="20230817 22:16:01.195" endtime="20230817 22:16:04.315"/>
</kw>
<kw name="Select Radio Button" library="SeleniumLibrary">
<arg>exp</arg>
<arg>2</arg>
<doc>Sets the radio button group ``group_name`` to ``value``.</doc>
<msg timestamp="20230817 22:16:04.317" level="INFO">Selecting '2' from radio button 'exp'.</msg>
<status status="PASS" starttime="20230817 22:16:04.316" endtime="20230817 22:16:07.388"/>
</kw>
<kw name="Select Checkbox" library="SeleniumLibrary">
<arg>profession</arg>
<doc>Selects the checkbox identified by ``locator``.</doc>
<msg timestamp="20230817 22:16:07.390" level="INFO">Selecting checkbox 'profession'.</msg>
<status status="PASS" starttime="20230817 22:16:07.389" endtime="20230817 22:16:11.459"/>
</kw>
<kw name="Click Element" library="SeleniumLibrary">
<arg>xpath:(//*[@name="profession"])[2]</arg>
<doc>Click the element identified by ``locator``.</doc>
<msg timestamp="20230817 22:16:11.473" level="INFO">Clicking element 'xpath:(//*[@name="profession"])[2]'.</msg>
<status status="PASS" starttime="20230817 22:16:11.472" endtime="20230817 22:16:13.550"/>
</kw>
<kw name="Select From List By Index" library="SeleniumLibrary">
<arg>name=continents</arg>
<arg>3</arg>
<doc>Selects options from selection list ``locator`` by ``indexes``.</doc>
<msg timestamp="20230817 22:16:13.560" level="INFO">Selecting options from selection list 'name=continents' by index 3.</msg>
<status status="PASS" starttime="20230817 22:16:13.559" endtime="20230817 22:16:25.902"/>
</kw>
<kw name="Select From List By Index" library="SeleniumLibrary">
<arg>name=selenium_commands</arg>
<arg>4</arg>
<doc>Selects options from selection list ``locator`` by ``indexes``.</doc>
<msg timestamp="20230817 22:16:25.903" level="INFO">Selecting options from selection list 'name=selenium_commands' by index 4.</msg>
<status status="PASS" starttime="20230817 22:16:25.902" endtime="20230817 22:16:39.183"/>
</kw>
<kw name="Click Element" library="SeleniumLibrary">
<arg>name=submit</arg>
<doc>Click the element identified by ``locator``.</doc>
<msg timestamp="20230817 22:16:39.184" level="INFO">Clicking element 'name=submit'.</msg>
<status status="PASS" starttime="20230817 22:16:39.183" endtime="20230817 22:16:41.286"/>
</kw>
<kw name="Handle Alert" library="SeleniumLibrary">
<arg>dismiss</arg>
<doc>Handles the current alert and returns its message.</doc>
<msg timestamp="20230817 22:16:41.289" level="INFO">HANDLE::&lt;class 'NoneType'&gt;::None</msg>
<status status="PASS" starttime="20230817 22:16:41.287" endtime="20230817 22:16:44.302"/>
</kw>
<kw name="Click Element" library="SeleniumLibrary">
<arg>name=submit</arg>
<doc>Click the element identified by ``locator``.</doc>
<msg timestamp="20230817 22:16:44.305" level="INFO">Clicking element 'name=submit'.</msg>
<status status="PASS" starttime="20230817 22:16:44.303" endtime="20230817 22:16:46.384"/>
</kw>
<kw name="Handle Alert" library="SeleniumLibrary">
<arg>accept</arg>
<doc>Handles the current alert and returns its message.</doc>
<msg timestamp="20230817 22:16:46.385" level="INFO">HANDLE::&lt;class 'NoneType'&gt;::None</msg>
<status status="PASS" starttime="20230817 22:16:46.384" endtime="20230817 22:16:49.394"/>
</kw>
<kw name="Close Browser" library="SeleniumLibrary">
<doc>Closes the current browser.</doc>
<status status="PASS" starttime="20230817 22:16:49.394" endtime="20230817 22:16:53.149"/>
</kw>
<status status="PASS" starttime="20230817 22:15:45.472" endtime="20230817 22:16:53.153"/>
</test>
<status status="PASS" starttime="20230817 22:15:45.246" endtime="20230817 22:16:53.157"/>
</suite>
<statistics>
<total>
<stat pass="1" fail="0" skip="0">All Tests</stat>
</total>
<tag>
</tag>
<suite>
<stat pass="1" fail="0" skip="0" id="s1" name="PracticingRadioButtonAndCheckboxes">PracticingRadioButtonAndCheckboxes</stat>
</suite>
</statistics>
<errors>
</errors>
</robot>
